<component name="libraryTable">
  <library name="junit-jupiter-engine-5.8.2 - Copy">
    <CLASSES>
      <root url="jar://$PROJECT_DIR$/libs/junit-jupiter-engine-5.8.2 - Copy.jar!/" />
    </CLASSES>
    <JAVADOC />
    <SOURCES />
  </library>
</component>